<?xml version="1.0" encoding="UTF-8"?>
<!-- Generated by org.testng.reporters.JUnitReportReporter -->
<testsuite hostname="Vatsal" failures="0" tests="5" name="selenium_automation.TestScenarios" time="491.297" errors="0" timestamp="2024-03-28T11:52:14 EDT" skipped="0">
  <testcase classname="selenium_automation.TestScenarios" name="Scenario1Test" time="118.905"/>
  <system-out/>
  <testcase classname="selenium_automation.TestScenarios" name="Scenario2Test" time="109.677"/>
  <system-out/>
  <testcase classname="selenium_automation.TestScenarios" name="Scenario3Test" time="80.149"/>
  <system-out/>
  <testcase classname="selenium_automation.TestScenarios" name="Scenario4Test" time="89.059"/>
  <system-out/>
  <testcase classname="selenium_automation.TestScenarios" name="Scenario5Test" time="93.507"/>
  <system-out/>
</testsuite> <!-- selenium_automation.TestScenarios -->
