<?xml version="1.0" encoding="UTF-8"?>
<!-- Generated by org.testng.reporters.JUnitReportReporter -->
<testsuite hostname="Kashyap" failures="0" tests="5" name="tests.SeleniumTests" time="118.374" errors="0" timestamp="2024-03-24T18:35:47 EDT" skipped="0">
  <testcase classname="tests.SeleniumTests" name="Scenario1Test" time="59.901"/>
  <testcase classname="tests.SeleniumTests" name="Scenario2Test" time="58.456"/>
  <testcase classname="tests.SeleniumTests" name="Scenario3Test" time="0.005"/>
  <testcase classname="tests.SeleniumTests" name="Scenario4Test" time="0.007"/>
  <testcase classname="tests.SeleniumTests" name="Scenario5Test" time="0.005"/>
</testsuite> <!-- tests.SeleniumTests -->
